-------------------------------------------------------------------------------------------------------------------------
      name:  <unnamed>
       log:  H:\space\schmutte\Documents\research\repository\brookings-sdl-2015\BPEA-replication-archive\analysis\est_var
> _fuzz.log
  log type:  text
 opened on:   5 Aug 2015, 13:31:07

. 
.     pause on

.     set more off

.     set linesize 200

.     clear all

.     #delimit ;
delimiter now ;
.     set matsize 10000;

. use "./qcew_qwi_cty_sec_pri.dta";

. keep if year<=2011 & quarter ==1 & year>=2006;
(5132465 observations deleted)

. reg ln_cv_emp ln_num_estab , rob;

Linear regression                                      Number of obs =  228770
                                                       F(  1,228768) =31244.02
                                                       Prob > F      =  0.0000
                                                       R-squared     =  0.1246
                                                       Root MSE      =  1.1256

------------------------------------------------------------------------------
             |               Robust
   ln_cv_emp |      Coef.   Std. Err.      t    P>|t|     [95% Conf. Interval]
-------------+----------------------------------------------------------------
ln_num_estab |  -.2808319   .0015888  -176.76   0.000    -.2839458   -.2777179
       _cons |  -1.536516   .0062003  -247.81   0.000    -1.548669   -1.524364
------------------------------------------------------------------------------

. reg ln_cv_payroll  ln_num_estab, rob;

Linear regression                                      Number of obs =  236925
                                                       F(  1,236923) =15227.29
                                                       Prob > F      =  0.0000
                                                       R-squared     =  0.0582
                                                       Root MSE      =   1.293

------------------------------------------------------------------------------
             |               Robust
ln_cv_payr~l |      Coef.   Std. Err.      t    P>|t|     [95% Conf. Interval]
-------------+----------------------------------------------------------------
ln_num_estab |  -.2108341   .0017086  -123.40   0.000    -.2141828   -.2074854
       _cons |  -1.610176   .0069852  -230.51   0.000    -1.623867   -1.596485
------------------------------------------------------------------------------

. clear all;

. use "./qcew_qwi_cty_pri.dta";

. keep if year<=2012 & quarter ==1 & year>=2007;
(298828 observations deleted)

. reg ln_cv_emp ln_num_estab , rob;

Linear regression                                      Number of obs =   18000
                                                       F(  1, 17998) = 1157.94
                                                       Prob > F      =  0.0000
                                                       R-squared     =  0.0598
                                                       Root MSE      =  1.1881

------------------------------------------------------------------------------
             |               Robust
   ln_cv_emp |      Coef.   Std. Err.      t    P>|t|     [95% Conf. Interval]
-------------+----------------------------------------------------------------
ln_num_estab |  -.2072276   .0060898   -34.03   0.000    -.2191642   -.1952909
       _cons |  -2.038307    .040647   -50.15   0.000    -2.117979   -1.958635
------------------------------------------------------------------------------

. reg ln_cv_payroll  ln_num_estab, rob;

Linear regression                                      Number of obs =   18057
                                                       F(  1, 18055) =  697.73
                                                       Prob > F      =  0.0000
                                                       R-squared     =  0.0359
                                                       Root MSE      =  1.2365

------------------------------------------------------------------------------
             |               Robust
ln_cv_payr~l |      Coef.   Std. Err.      t    P>|t|     [95% Conf. Interval]
-------------+----------------------------------------------------------------
ln_num_estab |  -.1646453   .0062331   -26.41   0.000    -.1768629   -.1524278
       _cons |  -1.916943   .0421094   -45.52   0.000    -1.999481   -1.834405
------------------------------------------------------------------------------

. clear all;

. use "./qcew_qwi_state_pri.dta";

. keep if year<=2012 & quarter ==1 & year>=2007;
(4770 observations deleted)

. reg ln_cv_emp ln_num_estab , rob;

Linear regression                                      Number of obs =     282
                                                       F(  1,   280) =    8.66
                                                       Prob > F      =  0.0035
                                                       R-squared     =  0.0266
                                                       Root MSE      =  1.1622

------------------------------------------------------------------------------
             |               Robust
   ln_cv_emp |      Coef.   Std. Err.      t    P>|t|     [95% Conf. Interval]
-------------+----------------------------------------------------------------
ln_num_estab |  -.2036166   .0692079    -2.94   0.004    -.3398504   -.0673828
       _cons |  -3.995904   .8009964    -4.99   0.000    -5.572643   -2.419164
------------------------------------------------------------------------------

. reg ln_cv_payroll  ln_num_estab, rob;

Linear regression                                      Number of obs =     282
                                                       F(  1,   280) =    2.93
                                                       Prob > F      =  0.0883
                                                       R-squared     =  0.0136
                                                       Root MSE      =  1.4183

------------------------------------------------------------------------------
             |               Robust
ln_cv_payr~l |      Coef.   Std. Err.      t    P>|t|     [95% Conf. Interval]
-------------+----------------------------------------------------------------
ln_num_estab |   .1768247   .1033882     1.71   0.088     -.026692    .3803415
       _cons |   -6.55229   1.210091    -5.41   0.000    -8.934322   -4.170258
------------------------------------------------------------------------------

. log close;
      name:  <unnamed>
       log:  H:\space\schmutte\Documents\research\repository\brookings-sdl-2015\BPEA-replication-archive\analysis\est_var_fuzz.log
  log type:  text
 closed on:   5 Aug 2015, 13:31:12
--------------------------------------------------------------------------------------------------------------------------------------------------------------------------------------------------------
